<?xml version="1.0" encoding="UTF-8"?>
<testng-results skipped="0" failed="0" ignored="0" total="2" passed="2">
  <reporter-output>
  </reporter-output>
  <suite name="Default suite" duration-ms="104" started-at="2019-08-16T15:06:48Z" finished-at="2019-08-16T15:06:48Z">
    <groups>
    </groups>
    <test name="Default test" duration-ms="104" started-at="2019-08-16T15:06:48Z" finished-at="2019-08-16T15:06:48Z">
      <class name="testng.Annotations">
        <test-method status="PASS" signature="Cookies()[pri:0, instance:testng.Annotations@482f8f11]" name="Cookies" is-config="true" duration-ms="0" started-at="2019-08-16T15:06:48Z" finished-at="2019-08-16T15:06:48Z">
          <reporter-output>
          </reporter-output>
        </test-method> <!-- Cookies -->
        <test-method status="PASS" signature="UseIdGeneration()[pri:0, instance:testng.Annotations@482f8f11]" name="UseIdGeneration" is-config="true" duration-ms="0" started-at="2019-08-16T15:06:48Z" finished-at="2019-08-16T15:06:48Z">
          <reporter-output>
          </reporter-output>
        </test-method> <!-- UseIdGeneration -->
        <test-method status="PASS" signature="FlightBooking()[pri:0, instance:testng.Annotations@482f8f11]" name="FlightBooking" duration-ms="33" started-at="2019-08-16T15:06:48Z" finished-at="2019-08-16T15:06:48Z">
          <reporter-output>
          </reporter-output>
        </test-method> <!-- FlightBooking -->
        <test-method status="PASS" signature="Reportadding()[pri:0, instance:testng.Annotations@482f8f11]" name="Reportadding" is-config="true" duration-ms="2" started-at="2019-08-16T15:06:48Z" finished-at="2019-08-16T15:06:48Z">
          <reporter-output>
          </reporter-output>
        </test-method> <!-- Reportadding -->
        <test-method status="PASS" signature="UseIdGeneration()[pri:0, instance:testng.Annotations@482f8f11]" name="UseIdGeneration" is-config="true" duration-ms="0" started-at="2019-08-16T15:06:48Z" finished-at="2019-08-16T15:06:48Z">
          <reporter-output>
          </reporter-output>
        </test-method> <!-- UseIdGeneration -->
        <test-method status="PASS" signature="OpenBrowser()[pri:0, instance:testng.Annotations@482f8f11]" name="OpenBrowser" duration-ms="1" started-at="2019-08-16T15:06:48Z" finished-at="2019-08-16T15:06:48Z">
          <reporter-output>
          </reporter-output>
        </test-method> <!-- OpenBrowser -->
        <test-method status="PASS" signature="Reportadding()[pri:0, instance:testng.Annotations@482f8f11]" name="Reportadding" is-config="true" duration-ms="0" started-at="2019-08-16T15:06:48Z" finished-at="2019-08-16T15:06:48Z">
          <reporter-output>
          </reporter-output>
        </test-method> <!-- Reportadding -->
        <test-method status="PASS" signature="Cookiesclose()[pri:0, instance:testng.Annotations@482f8f11]" name="Cookiesclose" is-config="true" duration-ms="0" started-at="2019-08-16T15:06:48Z" finished-at="2019-08-16T15:06:48Z">
          <reporter-output>
          </reporter-output>
        </test-method> <!-- Cookiesclose -->
      </class> <!-- testng.Annotations -->
      <class name="testng.Annot2">
        <test-method status="PASS" signature="installsoftware()[pri:0, instance:testng.Annot2@51565ec2]" name="installsoftware" is-config="true" duration-ms="16" started-at="2019-08-16T15:06:48Z" finished-at="2019-08-16T15:06:48Z">
          <reporter-output>
          </reporter-output>
        </test-method> <!-- installsoftware -->
        <test-method status="PASS" signature="deinstallsoftware()[pri:0, instance:testng.Annot2@51565ec2]" name="deinstallsoftware" is-config="true" duration-ms="1" started-at="2019-08-16T15:06:48Z" finished-at="2019-08-16T15:06:48Z">
          <reporter-output>
          </reporter-output>
        </test-method> <!-- deinstallsoftware -->
      </class> <!-- testng.Annot2 -->
    </test> <!-- Default test -->
  </suite> <!-- Default suite -->
</testng-results>
